TN:
SF:script/Counter.s.sol
FN:7,CounterScript.setUp
FNDA:0,CounterScript.setUp
FN:9,CounterScript.run
FNDA:0,CounterScript.run
DA:10,0
FNF:2
FNH:0
LF:1
LH:0
BRF:0
BRH:0
end_of_record
TN:
SF:src/v1/Exchange.sol
FN:15,Exchange.getReserve
FNDA:0,Exchange.getReserve
DA:16,0
FN:19,Exchange.ethToTokenSwap
FNDA:0,Exchange.ethToTokenSwap
DA:20,0
DA:21,0
DA:22,0
BRDA:22,0,0,-
BRDA:22,0,1,-
DA:23,0
FN:26,Exchange.tokenToEthSwap
FNDA:0,Exchange.tokenToEthSwap
DA:27,0
DA:28,0
DA:29,0
BRDA:29,1,0,-
BRDA:29,1,1,-
DA:30,0
DA:31,0
FN:34,Exchange.getOutAmount
FNDA:0,Exchange.getOutAmount
DA:35,0
BRDA:35,2,0,-
BRDA:35,2,1,-
DA:36,0
DA:37,0
DA:38,0
DA:39,0
FN:43,Exchange.addLiquidity
FNDA:0,Exchange.addLiquidity
DA:44,0
BRDA:44,3,0,-
BRDA:44,3,1,-
DA:45,0
DA:46,0
DA:47,0
DA:48,0
DA:50,0
DA:51,0
DA:52,0
BRDA:52,4,0,-
BRDA:52,4,1,-
DA:53,0
DA:54,0
DA:55,0
DA:56,0
FN:60,Exchange.removeLiquidity
FNDA:0,Exchange.removeLiquidity
DA:61,0
BRDA:61,5,0,-
BRDA:61,5,1,-
DA:62,0
DA:63,0
DA:64,0
DA:65,0
DA:66,0
DA:67,0
FNF:6
FNH:0
LF:34
LH:0
BRF:12
BRH:0
end_of_record
TN:
SF:src/v2/ExchangeV2.sol
FN:52,ExchangeV2.getReserves
FNDA:6,ExchangeV2.getReserves
DA:53,6
FN:56,ExchangeV2.mint
FNDA:8,ExchangeV2.mint
DA:57,8
DA:58,8
DA:59,8
DA:60,8
DA:61,8
DA:62,8
BRDA:62,0,0,5
BRDA:62,0,1,3
DA:63,5
DA:64,5
DA:66,3
DA:68,8
BRDA:68,1,0,-
BRDA:68,1,1,8
DA:69,8
DA:70,8
DA:71,8
FN:74,ExchangeV2.burn
FNDA:2,ExchangeV2.burn
DA:75,2
DA:76,2
DA:77,2
DA:78,2
DA:79,2
DA:80,2
BRDA:80,2,0,-
BRDA:80,2,1,2
DA:81,2
DA:82,2
DA:83,2
DA:84,2
DA:85,2
DA:86,2
DA:87,2
FN:90,ExchangeV2.swap
FNDA:0,ExchangeV2.swap
DA:91,0
BRDA:91,3,0,-
BRDA:91,3,1,-
DA:92,0
DA:95,0
DA:97,0
BRDA:97,4,0,-
BRDA:97,4,1,-
DA:98,0
DA:102,0
BRDA:102,5,0,-
BRDA:102,5,1,-
DA:103,0
BRDA:103,6,0,-
BRDA:103,6,1,-
DA:104,0
BRDA:104,7,0,-
BRDA:104,7,1,-
DA:105,0
DA:108,0
DA:109,0
DA:111,0
DA:112,0
DA:114,0
BRDA:114,8,0,-
BRDA:114,8,1,-
DA:117,0
DA:118,0
DA:120,0
BRDA:120,9,0,-
BRDA:120,9,1,-
DA:121,0
DA:124,0
DA:126,0
FN:129,ExchangeV2._update
FNDA:10,ExchangeV2._update
DA:130,10
DA:131,10
DA:133,10
FN:136,ExchangeV2._safeTransfer
FNDA:4,ExchangeV2._safeTransfer
DA:137,4
DA:138,4
BRDA:138,10,0,-
BRDA:138,10,1,4
DA:139,0
FNF:6
FNH:5
LF:53
LH:32
BRF:22
BRH:5
end_of_record
TN:
SF:src/v2/libraries/FixedPointMath.sol
FN:19,FixedPointMath.encode
FNDA:0,FixedPointMath.encode
DA:20,0
FN:22,FixedPointMath.decode
FNDA:0,FixedPointMath.decode
DA:23,0
FNF:2
FNH:0
LF:2
LH:0
BRF:0
BRH:0
end_of_record
TN:
SF:src/v2/libraries/Math.sol
FN:6,Math.min
FNDA:3,Math.min
DA:7,3
FN:10,Math.sqrt
FNDA:0,Math.sqrt
DA:11,0
BRDA:11,0,0,-
BRDA:11,0,1,-
DA:12,0
DA:13,0
DA:14,0
DA:15,0
DA:16,0
DA:18,0
BRDA:18,1,0,-
BRDA:18,1,1,-
DA:19,0
FNF:2
FNH:1
LF:9
LH:1
BRF:4
BRH:0
end_of_record
TN:
SF:test/v2/ERC20Mintable.sol
FN:9,ERC20Mintable.mint
FNDA:0,ERC20Mintable.mint
DA:10,0
FNF:1
FNH:0
LF:1
LH:0
BRF:0
BRH:0
end_of_record
